[debug] [2023-08-26T15:33:01.984Z] ----------------------------------------------------------------------
[debug] [2023-08-26T15:33:01.986Z] Command:       C:\Users\kgodi\node.exe C:\Users\kgodi\AppData\Roaming\npm\node_modules\firebase-tools\lib\bin\firebase.js init
[debug] [2023-08-26T15:33:01.987Z] CLI Version:   12.5.2
[debug] [2023-08-26T15:33:01.987Z] Platform:      win32
[debug] [2023-08-26T15:33:01.987Z] Node Version:  v18.17.0
[debug] [2023-08-26T15:33:01.989Z] Time:          Sat Aug 26 2023 17:33:01 GMT+0200 (South Africa Standard Time)
[debug] [2023-08-26T15:33:01.989Z] ----------------------------------------------------------------------
[debug] 
[debug] [2023-08-26T15:33:02.077Z] > command requires scopes: ["email","openid","https://www.googleapis.com/auth/cloudplatformprojects.readonly","https://www.googleapis.com/auth/firebase","https://www.googleapis.com/auth/cloud-platform"]
[debug] [2023-08-26T15:33:02.078Z] > authorizing via signed-in user (kgodisholebopa@gmail.com)
[info] 
     ######## #### ########  ######## ########     ###     ######  ########
     ##        ##  ##     ## ##       ##     ##  ##   ##  ##       ##
     ######    ##  ########  ######   ########  #########  ######  ######
     ##        ##  ##    ##  ##       ##     ## ##     ##       ## ##
     ##       #### ##     ## ######## ########  ##     ##  ######  ########

You're about to initialize a Firebase project in this directory:

  C:\Users\kgodi

Before we get started, keep in mind:

  * You are initializing within an existing Firebase project directory

[debug] [2023-08-26T15:33:49.807Z] ----------------------------------------------------------------------
[debug] [2023-08-26T15:33:49.809Z] Command:       C:\Users\kgodi\node.exe C:\Users\kgodi\AppData\Roaming\npm\node_modules\firebase-tools\lib\bin\firebase.js init
[debug] [2023-08-26T15:33:49.809Z] CLI Version:   12.5.2
[debug] [2023-08-26T15:33:49.809Z] Platform:      win32
[debug] [2023-08-26T15:33:49.809Z] Node Version:  v18.17.0
[debug] [2023-08-26T15:33:49.810Z] Time:          Sat Aug 26 2023 17:33:49 GMT+0200 (South Africa Standard Time)
[debug] [2023-08-26T15:33:49.810Z] ----------------------------------------------------------------------
[debug] 
[debug] [2023-08-26T15:33:49.872Z] > command requires scopes: ["email","openid","https://www.googleapis.com/auth/cloudplatformprojects.readonly","https://www.googleapis.com/auth/firebase","https://www.googleapis.com/auth/cloud-platform"]
[debug] [2023-08-26T15:33:49.873Z] > authorizing via signed-in user (kgodisholebopa@gmail.com)
[info] 
     ######## #### ########  ######## ########     ###     ######  ########
     ##        ##  ##     ## ##       ##     ##  ##   ##  ##       ##
     ######    ##  ########  ######   ########  #########  ######  ######
     ##        ##  ##    ##  ##       ##     ## ##     ##       ## ##
     ##       #### ##     ## ######## ########  ##     ##  ######  ########

You're about to initialize a Firebase project in this directory:

  C:\Users\kgodi

Before we get started, keep in mind:

  * You are initializing within an existing Firebase project directory

[info] 
=== Project Setup
[info] 
[info] First, let's associate this project directory with a Firebase project.
[info] You can create multiple project aliases by running firebase use --add, 
[info] but for now we'll just set up a default project.
[info] 
[debug] [2023-08-26T15:34:00.717Z] Using project from CLI flag: fitspace-solutions
[debug] [2023-08-26T15:34:00.718Z] > refreshing access token with scopes: []
[debug] [2023-08-26T15:34:00.719Z] >>> [apiv2][query] POST https://www.googleapis.com/oauth2/v3/token [none]
[debug] [2023-08-26T15:34:00.719Z] >>> [apiv2][body] POST https://www.googleapis.com/oauth2/v3/token [omitted]
[debug] [2023-08-26T15:34:01.365Z] <<< [apiv2][status] POST https://www.googleapis.com/oauth2/v3/token 200
[debug] [2023-08-26T15:34:01.365Z] <<< [apiv2][body] POST https://www.googleapis.com/oauth2/v3/token [omitted]
[debug] [2023-08-26T15:34:01.368Z] Authentication Error: Your credentials are no longer valid. Please run firebase login --reauth

For CI servers and headless environments, generate a new token with firebase login:ci
[debug] [2023-08-26T15:34:01.968Z] FirebaseError: Authentication Error: Your credentials are no longer valid. Please run firebase login --reauth

For CI servers and headless environments, generate a new token with firebase login:ci
    at invalidCredentialError (C:\Users\kgodi\AppData\Roaming\npm\node_modules\firebase-tools\lib\auth.js:144:12)
    at refreshTokens (C:\Users\kgodi\AppData\Roaming\npm\node_modules\firebase-tools\lib\auth.js:508:15)
    at process.processTicksAndRejections (node:internal/process/task_queues:95:5)
    at async Client.getAccessToken (C:\Users\kgodi\AppData\Roaming\npm\node_modules\firebase-tools\lib\apiv2.js:149:22)
    at async Client.addAuthHeader (C:\Users\kgodi\AppData\Roaming\npm\node_modules\firebase-tools\lib\apiv2.js:140:21)
    at async Client.request (C:\Users\kgodi\AppData\Roaming\npm\node_modules\firebase-tools\lib\apiv2.js:96:34)
    at async getFirebaseProject (C:\Users\kgodi\AppData\Roaming\npm\node_modules\firebase-tools\lib\management\projects.js:295:21)
    at async doSetup (C:\Users\kgodi\AppData\Roaming\npm\node_modules\firebase-tools\lib\init\features\project.js:85:27)
    at async init (C:\Users\kgodi\AppData\Roaming\npm\node_modules\firebase-tools\lib\init\index.js:41:9)
[error] 
[error] Error: Failed to get Firebase project fitspace-solutions. Please make sure the project exists and your account has permission to access it.
[debug] [2023-08-26T15:34:02.259Z] Error: EPERM: operation not permitted, open 'C:\Users\kgodi\.config\configstore\firebase-tools.json.1794097524'
    at Object.openSync (node:fs:603:3)
    at Function.writeFileSync [as sync] (C:\Users\kgodi\AppData\Roaming\npm\node_modules\firebase-tools\node_modules\write-file-atomic\index.js:205:13)
    at set all [as all] (C:\Users\kgodi\AppData\Roaming\npm\node_modules\firebase-tools\node_modules\configstore\index.js:61:20)
    at Configstore.set (C:\Users\kgodi\AppData\Roaming\npm\node_modules\firebase-tools\node_modules\configstore\index.js:91:12)
    at process.<anonymous> (C:\Users\kgodi\AppData\Roaming\npm\node_modules\firebase-tools\lib\bin\firebase.js:102:35)
    at process.emit (node:events:526:35)
    at process.processEmit [as emit] (C:\Users\kgodi\AppData\Roaming\npm\node_modules\firebase-tools\node_modules\signal-exit\index.js:191:37)
    at process.exit (node:internal/process/per_thread:192:15)
    at Timeout._onTimeout (C:\Users\kgodi\AppData\Roaming\npm\node_modules\firebase-tools\lib\errorOut.js:20:17)
    at listOnTimeout (node:internal/timers:569:17)
[error] 
[error] Error: An unexpected error has occurred.
